<?xml version="1.0" encoding="UTF-8"?>
<!-- Generated by org.testng.reporters.JUnitReportReporter -->
<testsuite hostname="H-5CD825CN2L" failures="0" tests="6" name="api.test.DDTests" time="11.540" errors="0" timestamp="2024-12-16T17:53:52 IST" skipped="0">
  <testcase classname="api.test.DDTests" name="testPostUser" time="5.121"/>
  <testcase classname="api.test.DDTests" name="testPostUser" time="1.341"/>
  <testcase classname="api.test.DDTests" name="testPostUser" time="1.267"/>
  <testcase classname="api.test.DDTests" name="testDeleteUserByName" time="1.212"/>
  <testcase classname="api.test.DDTests" name="testDeleteUserByName" time="1.374"/>
  <testcase classname="api.test.DDTests" name="testDeleteUserByName" time="1.225"/>
</testsuite> <!-- api.test.DDTests -->
