<?xml version="1.0" encoding="UTF-8"?>
<!-- Generated by org.testng.reporters.JUnitReportReporter -->
<testsuite hostname="LAPTOP-5VBC57M9" failures="0" tests="2" name="api.test.UserTests" time="5.905" errors="0" timestamp="2024-12-12T22:24:09 IST" skipped="0">
  <testcase classname="api.test.UserTests" name="testPostUser" time="3.892"/>
  <testcase classname="api.test.UserTests" name="getUserByName" time="2.013"/>
</testsuite> <!-- api.test.UserTests -->
