<?xml version="1.0" encoding="UTF-8"?>
<!-- Generated by org.testng.reporters.JUnitReportReporter -->
<testsuite hostname="H-5CD825CN2L" failures="0" tests="1" name="api.test.DemoCreateUser" time="0.016" errors="0" timestamp="2024-12-09T17:44:12 IST" skipped="0">
  <testcase classname="api.test.DemoCreateUser" name="createUser" time="0.016"/>
</testsuite> <!-- api.test.DemoCreateUser -->
