<?xml version="1.0" encoding="UTF-8"?>
<!-- Generated by org.testng.reporters.JUnitReportReporter -->
<testsuite hostname="H-5CD825CN2L" failures="0" tests="4" name="api.test.UserTests2" time="7.850" errors="0" timestamp="2024-12-18T17:18:52 IST" skipped="0">
  <testcase classname="api.test.UserTests2" name="updateUser" time="2.459"/>
  <testcase classname="api.test.UserTests2" name="testDeleteUserByName" time="3.356"/>
  <testcase classname="api.test.UserTests2" name="testPostUser" time="1.018"/>
  <testcase classname="api.test.UserTests2" name="getUserByName" time="1.017"/>
</testsuite> <!-- api.test.UserTests2 -->
