<?xml version="1.0" encoding="UTF-8"?>
<!-- Generated by org.testng.reporters.JUnitReportReporter -->
<testsuite hostname="H-5CD825CN2L" failures="0" tests="2" name="api.test.UserTests" time="5.930" errors="0" timestamp="2024-12-16T12:49:54 IST" skipped="0">
  <testcase classname="api.test.UserTests" name="testPostUser" time="4.523"/>
  <testcase classname="api.test.UserTests" name="getUserByName" time="1.407"/>
</testsuite> <!-- api.test.UserTests -->
